[2024-09-26T16:33:45.891Z] TypeError: Secret string must be provided.
    at Object.exports.unsign (D:\SSD Project\AcademyNet\learner-service\node_modules\cookie-signature\index.js:38:40)
    at signedCookie (D:\SSD Project\AcademyNet\learner-service\node_modules\cookie-parser\index.js:143:25)
    at signedCookies (D:\SSD Project\AcademyNet\learner-service\node_modules\cookie-parser\index.js:173:11)
    at cookieParser (D:\SSD Project\AcademyNet\learner-service\node_modules\cookie-parser\index.js:64:27)
    at Layer.handle [as handle_request] (D:\SSD Project\AcademyNet\learner-service\node_modules\express\lib\router\layer.js:95:5)
    at trim_prefix (D:\SSD Project\AcademyNet\learner-service\node_modules\express\lib\router\index.js:317:13)
    at D:\SSD Project\AcademyNet\learner-service\node_modules\express\lib\router\index.js:284:7
    at Function.process_params (D:\SSD Project\AcademyNet\learner-service\node_modules\express\lib\router\index.js:335:12)
    at next (D:\SSD Project\AcademyNet\learner-service\node_modules\express\lib\router\index.js:275:10)
    at jsonParser (D:\SSD Project\AcademyNet\learner-service\node_modules\body-parser\lib\types\json.js:110:7)
    at Layer.handle [as handle_request] (D:\SSD Project\AcademyNet\learner-service\node_modules\express\lib\router\layer.js:95:5)
    at trim_prefix (D:\SSD Project\AcademyNet\learner-service\node_modules\express\lib\router\index.js:317:13)
    at D:\SSD Project\AcademyNet\learner-service\node_modules\express\lib\router\index.js:284:7
    at Function.process_params (D:\SSD Project\AcademyNet\learner-service\node_modules\express\lib\router\index.js:335:12)
    at next (D:\SSD Project\AcademyNet\learner-service\node_modules\express\lib\router\index.js:275:10)
    at urlencodedParser (D:\SSD Project\AcademyNet\learner-service\node_modules\body-parser\lib\types\urlencoded.js:91:7)
    at Layer.handle [as handle_request] (D:\SSD Project\AcademyNet\learner-service\node_modules\express\lib\router\layer.js:95:5)
    at trim_prefix (D:\SSD Project\AcademyNet\learner-service\node_modules\express\lib\router\index.js:317:13)
    at D:\SSD Project\AcademyNet\learner-service\node_modules\express\lib\router\index.js:284:7
    at Function.process_params (D:\SSD Project\AcademyNet\learner-service\node_modules\express\lib\router\index.js:335:12)
    at next (D:\SSD Project\AcademyNet\learner-service\node_modules\express\lib\router\index.js:275:10)
    at expressInit (D:\SSD Project\AcademyNet\learner-service\node_modules\express\lib\middleware\init.js:40:5)
[2024-09-26T16:33:45.921Z] TypeError: Secret string must be provided.
    at Object.exports.unsign (D:\SSD Project\AcademyNet\learner-service\node_modules\cookie-signature\index.js:38:40)
    at signedCookie (D:\SSD Project\AcademyNet\learner-service\node_modules\cookie-parser\index.js:143:25)
    at signedCookies (D:\SSD Project\AcademyNet\learner-service\node_modules\cookie-parser\index.js:173:11)
    at cookieParser (D:\SSD Project\AcademyNet\learner-service\node_modules\cookie-parser\index.js:64:27)
    at Layer.handle [as handle_request] (D:\SSD Project\AcademyNet\learner-service\node_modules\express\lib\router\layer.js:95:5)
    at trim_prefix (D:\SSD Project\AcademyNet\learner-service\node_modules\express\lib\router\index.js:317:13)
    at D:\SSD Project\AcademyNet\learner-service\node_modules\express\lib\router\index.js:284:7
    at Function.process_params (D:\SSD Project\AcademyNet\learner-service\node_modules\express\lib\router\index.js:335:12)
    at next (D:\SSD Project\AcademyNet\learner-service\node_modules\express\lib\router\index.js:275:10)
    at jsonParser (D:\SSD Project\AcademyNet\learner-service\node_modules\body-parser\lib\types\json.js:110:7)
    at Layer.handle [as handle_request] (D:\SSD Project\AcademyNet\learner-service\node_modules\express\lib\router\layer.js:95:5)
    at trim_prefix (D:\SSD Project\AcademyNet\learner-service\node_modules\express\lib\router\index.js:317:13)
    at D:\SSD Project\AcademyNet\learner-service\node_modules\express\lib\router\index.js:284:7
    at Function.process_params (D:\SSD Project\AcademyNet\learner-service\node_modules\express\lib\router\index.js:335:12)
    at next (D:\SSD Project\AcademyNet\learner-service\node_modules\express\lib\router\index.js:275:10)
    at urlencodedParser (D:\SSD Project\AcademyNet\learner-service\node_modules\body-parser\lib\types\urlencoded.js:91:7)
    at Layer.handle [as handle_request] (D:\SSD Project\AcademyNet\learner-service\node_modules\express\lib\router\layer.js:95:5)
    at trim_prefix (D:\SSD Project\AcademyNet\learner-service\node_modules\express\lib\router\index.js:317:13)
    at D:\SSD Project\AcademyNet\learner-service\node_modules\express\lib\router\index.js:284:7
    at Function.process_params (D:\SSD Project\AcademyNet\learner-service\node_modules\express\lib\router\index.js:335:12)
    at next (D:\SSD Project\AcademyNet\learner-service\node_modules\express\lib\router\index.js:275:10)
    at expressInit (D:\SSD Project\AcademyNet\learner-service\node_modules\express\lib\middleware\init.js:40:5)
[2024-09-26T16:33:45.952Z] TypeError: Secret string must be provided.
    at Object.exports.unsign (D:\SSD Project\AcademyNet\learner-service\node_modules\cookie-signature\index.js:38:40)
    at signedCookie (D:\SSD Project\AcademyNet\learner-service\node_modules\cookie-parser\index.js:143:25)
    at signedCookies (D:\SSD Project\AcademyNet\learner-service\node_modules\cookie-parser\index.js:173:11)
    at cookieParser (D:\SSD Project\AcademyNet\learner-service\node_modules\cookie-parser\index.js:64:27)
    at Layer.handle [as handle_request] (D:\SSD Project\AcademyNet\learner-service\node_modules\express\lib\router\layer.js:95:5)
    at trim_prefix (D:\SSD Project\AcademyNet\learner-service\node_modules\express\lib\router\index.js:317:13)
    at D:\SSD Project\AcademyNet\learner-service\node_modules\express\lib\router\index.js:284:7
    at Function.process_params (D:\SSD Project\AcademyNet\learner-service\node_modules\express\lib\router\index.js:335:12)
    at next (D:\SSD Project\AcademyNet\learner-service\node_modules\express\lib\router\index.js:275:10)
    at jsonParser (D:\SSD Project\AcademyNet\learner-service\node_modules\body-parser\lib\types\json.js:110:7)
    at Layer.handle [as handle_request] (D:\SSD Project\AcademyNet\learner-service\node_modules\express\lib\router\layer.js:95:5)
    at trim_prefix (D:\SSD Project\AcademyNet\learner-service\node_modules\express\lib\router\index.js:317:13)
    at D:\SSD Project\AcademyNet\learner-service\node_modules\express\lib\router\index.js:284:7
    at Function.process_params (D:\SSD Project\AcademyNet\learner-service\node_modules\express\lib\router\index.js:335:12)
    at next (D:\SSD Project\AcademyNet\learner-service\node_modules\express\lib\router\index.js:275:10)
    at urlencodedParser (D:\SSD Project\AcademyNet\learner-service\node_modules\body-parser\lib\types\urlencoded.js:91:7)
    at Layer.handle [as handle_request] (D:\SSD Project\AcademyNet\learner-service\node_modules\express\lib\router\layer.js:95:5)
    at trim_prefix (D:\SSD Project\AcademyNet\learner-service\node_modules\express\lib\router\index.js:317:13)
    at D:\SSD Project\AcademyNet\learner-service\node_modules\express\lib\router\index.js:284:7
    at Function.process_params (D:\SSD Project\AcademyNet\learner-service\node_modules\express\lib\router\index.js:335:12)
    at next (D:\SSD Project\AcademyNet\learner-service\node_modules\express\lib\router\index.js:275:10)
    at expressInit (D:\SSD Project\AcademyNet\learner-service\node_modules\express\lib\middleware\init.js:40:5)
[2024-09-26T16:33:46.101Z] TypeError: Secret string must be provided.
    at Object.exports.unsign (D:\SSD Project\AcademyNet\learner-service\node_modules\cookie-signature\index.js:38:40)
    at signedCookie (D:\SSD Project\AcademyNet\learner-service\node_modules\cookie-parser\index.js:143:25)
    at signedCookies (D:\SSD Project\AcademyNet\learner-service\node_modules\cookie-parser\index.js:173:11)
    at cookieParser (D:\SSD Project\AcademyNet\learner-service\node_modules\cookie-parser\index.js:64:27)
    at Layer.handle [as handle_request] (D:\SSD Project\AcademyNet\learner-service\node_modules\express\lib\router\layer.js:95:5)
    at trim_prefix (D:\SSD Project\AcademyNet\learner-service\node_modules\express\lib\router\index.js:317:13)
    at D:\SSD Project\AcademyNet\learner-service\node_modules\express\lib\router\index.js:284:7
    at Function.process_params (D:\SSD Project\AcademyNet\learner-service\node_modules\express\lib\router\index.js:335:12)
    at next (D:\SSD Project\AcademyNet\learner-service\node_modules\express\lib\router\index.js:275:10)
    at jsonParser (D:\SSD Project\AcademyNet\learner-service\node_modules\body-parser\lib\types\json.js:110:7)
    at Layer.handle [as handle_request] (D:\SSD Project\AcademyNet\learner-service\node_modules\express\lib\router\layer.js:95:5)
    at trim_prefix (D:\SSD Project\AcademyNet\learner-service\node_modules\express\lib\router\index.js:317:13)
    at D:\SSD Project\AcademyNet\learner-service\node_modules\express\lib\router\index.js:284:7
    at Function.process_params (D:\SSD Project\AcademyNet\learner-service\node_modules\express\lib\router\index.js:335:12)
    at next (D:\SSD Project\AcademyNet\learner-service\node_modules\express\lib\router\index.js:275:10)
    at urlencodedParser (D:\SSD Project\AcademyNet\learner-service\node_modules\body-parser\lib\types\urlencoded.js:91:7)
    at Layer.handle [as handle_request] (D:\SSD Project\AcademyNet\learner-service\node_modules\express\lib\router\layer.js:95:5)
    at trim_prefix (D:\SSD Project\AcademyNet\learner-service\node_modules\express\lib\router\index.js:317:13)
    at D:\SSD Project\AcademyNet\learner-service\node_modules\express\lib\router\index.js:284:7
    at Function.process_params (D:\SSD Project\AcademyNet\learner-service\node_modules\express\lib\router\index.js:335:12)
    at next (D:\SSD Project\AcademyNet\learner-service\node_modules\express\lib\router\index.js:275:10)
    at expressInit (D:\SSD Project\AcademyNet\learner-service\node_modules\express\lib\middleware\init.js:40:5)
[2024-09-26T16:33:46.117Z] TypeError: Secret string must be provided.
    at Object.exports.unsign (D:\SSD Project\AcademyNet\learner-service\node_modules\cookie-signature\index.js:38:40)
    at signedCookie (D:\SSD Project\AcademyNet\learner-service\node_modules\cookie-parser\index.js:143:25)
    at signedCookies (D:\SSD Project\AcademyNet\learner-service\node_modules\cookie-parser\index.js:173:11)
    at cookieParser (D:\SSD Project\AcademyNet\learner-service\node_modules\cookie-parser\index.js:64:27)
    at Layer.handle [as handle_request] (D:\SSD Project\AcademyNet\learner-service\node_modules\express\lib\router\layer.js:95:5)
    at trim_prefix (D:\SSD Project\AcademyNet\learner-service\node_modules\express\lib\router\index.js:317:13)
    at D:\SSD Project\AcademyNet\learner-service\node_modules\express\lib\router\index.js:284:7
    at Function.process_params (D:\SSD Project\AcademyNet\learner-service\node_modules\express\lib\router\index.js:335:12)
    at next (D:\SSD Project\AcademyNet\learner-service\node_modules\express\lib\router\index.js:275:10)
    at jsonParser (D:\SSD Project\AcademyNet\learner-service\node_modules\body-parser\lib\types\json.js:110:7)
    at Layer.handle [as handle_request] (D:\SSD Project\AcademyNet\learner-service\node_modules\express\lib\router\layer.js:95:5)
    at trim_prefix (D:\SSD Project\AcademyNet\learner-service\node_modules\express\lib\router\index.js:317:13)
    at D:\SSD Project\AcademyNet\learner-service\node_modules\express\lib\router\index.js:284:7
    at Function.process_params (D:\SSD Project\AcademyNet\learner-service\node_modules\express\lib\router\index.js:335:12)
    at next (D:\SSD Project\AcademyNet\learner-service\node_modules\express\lib\router\index.js:275:10)
    at urlencodedParser (D:\SSD Project\AcademyNet\learner-service\node_modules\body-parser\lib\types\urlencoded.js:91:7)
    at Layer.handle [as handle_request] (D:\SSD Project\AcademyNet\learner-service\node_modules\express\lib\router\layer.js:95:5)
    at trim_prefix (D:\SSD Project\AcademyNet\learner-service\node_modules\express\lib\router\index.js:317:13)
    at D:\SSD Project\AcademyNet\learner-service\node_modules\express\lib\router\index.js:284:7
    at Function.process_params (D:\SSD Project\AcademyNet\learner-service\node_modules\express\lib\router\index.js:335:12)
    at next (D:\SSD Project\AcademyNet\learner-service\node_modules\express\lib\router\index.js:275:10)
    at expressInit (D:\SSD Project\AcademyNet\learner-service\node_modules\express\lib\middleware\init.js:40:5)
[2024-09-26T16:33:46.123Z] TypeError: Secret string must be provided.
    at Object.exports.unsign (D:\SSD Project\AcademyNet\learner-service\node_modules\cookie-signature\index.js:38:40)
    at signedCookie (D:\SSD Project\AcademyNet\learner-service\node_modules\cookie-parser\index.js:143:25)
    at signedCookies (D:\SSD Project\AcademyNet\learner-service\node_modules\cookie-parser\index.js:173:11)
    at cookieParser (D:\SSD Project\AcademyNet\learner-service\node_modules\cookie-parser\index.js:64:27)
    at Layer.handle [as handle_request] (D:\SSD Project\AcademyNet\learner-service\node_modules\express\lib\router\layer.js:95:5)
    at trim_prefix (D:\SSD Project\AcademyNet\learner-service\node_modules\express\lib\router\index.js:317:13)
    at D:\SSD Project\AcademyNet\learner-service\node_modules\express\lib\router\index.js:284:7
    at Function.process_params (D:\SSD Project\AcademyNet\learner-service\node_modules\express\lib\router\index.js:335:12)
    at next (D:\SSD Project\AcademyNet\learner-service\node_modules\express\lib\router\index.js:275:10)
    at jsonParser (D:\SSD Project\AcademyNet\learner-service\node_modules\body-parser\lib\types\json.js:110:7)
    at Layer.handle [as handle_request] (D:\SSD Project\AcademyNet\learner-service\node_modules\express\lib\router\layer.js:95:5)
    at trim_prefix (D:\SSD Project\AcademyNet\learner-service\node_modules\express\lib\router\index.js:317:13)
    at D:\SSD Project\AcademyNet\learner-service\node_modules\express\lib\router\index.js:284:7
    at Function.process_params (D:\SSD Project\AcademyNet\learner-service\node_modules\express\lib\router\index.js:335:12)
    at next (D:\SSD Project\AcademyNet\learner-service\node_modules\express\lib\router\index.js:275:10)
    at urlencodedParser (D:\SSD Project\AcademyNet\learner-service\node_modules\body-parser\lib\types\urlencoded.js:91:7)
    at Layer.handle [as handle_request] (D:\SSD Project\AcademyNet\learner-service\node_modules\express\lib\router\layer.js:95:5)
    at trim_prefix (D:\SSD Project\AcademyNet\learner-service\node_modules\express\lib\router\index.js:317:13)
    at D:\SSD Project\AcademyNet\learner-service\node_modules\express\lib\router\index.js:284:7
    at Function.process_params (D:\SSD Project\AcademyNet\learner-service\node_modules\express\lib\router\index.js:335:12)
    at next (D:\SSD Project\AcademyNet\learner-service\node_modules\express\lib\router\index.js:275:10)
    at expressInit (D:\SSD Project\AcademyNet\learner-service\node_modules\express\lib\middleware\init.js:40:5)
[2024-09-26T16:46:18.777Z] TypeError: Secret string must be provided.
    at Object.exports.unsign (D:\SSD Project\AcademyNet\learner-service\node_modules\cookie-signature\index.js:38:40)
    at signedCookie (D:\SSD Project\AcademyNet\learner-service\node_modules\cookie-parser\index.js:143:25)
    at signedCookies (D:\SSD Project\AcademyNet\learner-service\node_modules\cookie-parser\index.js:173:11)
    at cookieParser (D:\SSD Project\AcademyNet\learner-service\node_modules\cookie-parser\index.js:64:27)
    at Layer.handle [as handle_request] (D:\SSD Project\AcademyNet\learner-service\node_modules\express\lib\router\layer.js:95:5)
    at trim_prefix (D:\SSD Project\AcademyNet\learner-service\node_modules\express\lib\router\index.js:317:13)
    at D:\SSD Project\AcademyNet\learner-service\node_modules\express\lib\router\index.js:284:7
    at Function.process_params (D:\SSD Project\AcademyNet\learner-service\node_modules\express\lib\router\index.js:335:12)
    at next (D:\SSD Project\AcademyNet\learner-service\node_modules\express\lib\router\index.js:275:10)
    at jsonParser (D:\SSD Project\AcademyNet\learner-service\node_modules\body-parser\lib\types\json.js:110:7)
    at Layer.handle [as handle_request] (D:\SSD Project\AcademyNet\learner-service\node_modules\express\lib\router\layer.js:95:5)
    at trim_prefix (D:\SSD Project\AcademyNet\learner-service\node_modules\express\lib\router\index.js:317:13)
    at D:\SSD Project\AcademyNet\learner-service\node_modules\express\lib\router\index.js:284:7
    at Function.process_params (D:\SSD Project\AcademyNet\learner-service\node_modules\express\lib\router\index.js:335:12)
    at next (D:\SSD Project\AcademyNet\learner-service\node_modules\express\lib\router\index.js:275:10)
    at urlencodedParser (D:\SSD Project\AcademyNet\learner-service\node_modules\body-parser\lib\types\urlencoded.js:91:7)
    at Layer.handle [as handle_request] (D:\SSD Project\AcademyNet\learner-service\node_modules\express\lib\router\layer.js:95:5)
    at trim_prefix (D:\SSD Project\AcademyNet\learner-service\node_modules\express\lib\router\index.js:317:13)
    at D:\SSD Project\AcademyNet\learner-service\node_modules\express\lib\router\index.js:284:7
    at Function.process_params (D:\SSD Project\AcademyNet\learner-service\node_modules\express\lib\router\index.js:335:12)
    at next (D:\SSD Project\AcademyNet\learner-service\node_modules\express\lib\router\index.js:275:10)
    at expressInit (D:\SSD Project\AcademyNet\learner-service\node_modules\express\lib\middleware\init.js:40:5)
[2024-09-26T16:46:18.792Z] TypeError: Secret string must be provided.
    at Object.exports.unsign (D:\SSD Project\AcademyNet\learner-service\node_modules\cookie-signature\index.js:38:40)
    at signedCookie (D:\SSD Project\AcademyNet\learner-service\node_modules\cookie-parser\index.js:143:25)
    at signedCookies (D:\SSD Project\AcademyNet\learner-service\node_modules\cookie-parser\index.js:173:11)
    at cookieParser (D:\SSD Project\AcademyNet\learner-service\node_modules\cookie-parser\index.js:64:27)
    at Layer.handle [as handle_request] (D:\SSD Project\AcademyNet\learner-service\node_modules\express\lib\router\layer.js:95:5)
    at trim_prefix (D:\SSD Project\AcademyNet\learner-service\node_modules\express\lib\router\index.js:317:13)
    at D:\SSD Project\AcademyNet\learner-service\node_modules\express\lib\router\index.js:284:7
    at Function.process_params (D:\SSD Project\AcademyNet\learner-service\node_modules\express\lib\router\index.js:335:12)
    at next (D:\SSD Project\AcademyNet\learner-service\node_modules\express\lib\router\index.js:275:10)
    at jsonParser (D:\SSD Project\AcademyNet\learner-service\node_modules\body-parser\lib\types\json.js:110:7)
    at Layer.handle [as handle_request] (D:\SSD Project\AcademyNet\learner-service\node_modules\express\lib\router\layer.js:95:5)
    at trim_prefix (D:\SSD Project\AcademyNet\learner-service\node_modules\express\lib\router\index.js:317:13)
    at D:\SSD Project\AcademyNet\learner-service\node_modules\express\lib\router\index.js:284:7
    at Function.process_params (D:\SSD Project\AcademyNet\learner-service\node_modules\express\lib\router\index.js:335:12)
    at next (D:\SSD Project\AcademyNet\learner-service\node_modules\express\lib\router\index.js:275:10)
    at urlencodedParser (D:\SSD Project\AcademyNet\learner-service\node_modules\body-parser\lib\types\urlencoded.js:91:7)
    at Layer.handle [as handle_request] (D:\SSD Project\AcademyNet\learner-service\node_modules\express\lib\router\layer.js:95:5)
    at trim_prefix (D:\SSD Project\AcademyNet\learner-service\node_modules\express\lib\router\index.js:317:13)
    at D:\SSD Project\AcademyNet\learner-service\node_modules\express\lib\router\index.js:284:7
    at Function.process_params (D:\SSD Project\AcademyNet\learner-service\node_modules\express\lib\router\index.js:335:12)
    at next (D:\SSD Project\AcademyNet\learner-service\node_modules\express\lib\router\index.js:275:10)
    at expressInit (D:\SSD Project\AcademyNet\learner-service\node_modules\express\lib\middleware\init.js:40:5)
[2024-09-26T16:46:18.898Z] TypeError: Secret string must be provided.
    at Object.exports.unsign (D:\SSD Project\AcademyNet\learner-service\node_modules\cookie-signature\index.js:38:40)
    at signedCookie (D:\SSD Project\AcademyNet\learner-service\node_modules\cookie-parser\index.js:143:25)
    at signedCookies (D:\SSD Project\AcademyNet\learner-service\node_modules\cookie-parser\index.js:173:11)
    at cookieParser (D:\SSD Project\AcademyNet\learner-service\node_modules\cookie-parser\index.js:64:27)
    at Layer.handle [as handle_request] (D:\SSD Project\AcademyNet\learner-service\node_modules\express\lib\router\layer.js:95:5)
    at trim_prefix (D:\SSD Project\AcademyNet\learner-service\node_modules\express\lib\router\index.js:317:13)
    at D:\SSD Project\AcademyNet\learner-service\node_modules\express\lib\router\index.js:284:7
    at Function.process_params (D:\SSD Project\AcademyNet\learner-service\node_modules\express\lib\router\index.js:335:12)
    at next (D:\SSD Project\AcademyNet\learner-service\node_modules\express\lib\router\index.js:275:10)
    at jsonParser (D:\SSD Project\AcademyNet\learner-service\node_modules\body-parser\lib\types\json.js:110:7)
    at Layer.handle [as handle_request] (D:\SSD Project\AcademyNet\learner-service\node_modules\express\lib\router\layer.js:95:5)
    at trim_prefix (D:\SSD Project\AcademyNet\learner-service\node_modules\express\lib\router\index.js:317:13)
    at D:\SSD Project\AcademyNet\learner-service\node_modules\express\lib\router\index.js:284:7
    at Function.process_params (D:\SSD Project\AcademyNet\learner-service\node_modules\express\lib\router\index.js:335:12)
    at next (D:\SSD Project\AcademyNet\learner-service\node_modules\express\lib\router\index.js:275:10)
    at urlencodedParser (D:\SSD Project\AcademyNet\learner-service\node_modules\body-parser\lib\types\urlencoded.js:91:7)
    at Layer.handle [as handle_request] (D:\SSD Project\AcademyNet\learner-service\node_modules\express\lib\router\layer.js:95:5)
    at trim_prefix (D:\SSD Project\AcademyNet\learner-service\node_modules\express\lib\router\index.js:317:13)
    at D:\SSD Project\AcademyNet\learner-service\node_modules\express\lib\router\index.js:284:7
    at Function.process_params (D:\SSD Project\AcademyNet\learner-service\node_modules\express\lib\router\index.js:335:12)
    at next (D:\SSD Project\AcademyNet\learner-service\node_modules\express\lib\router\index.js:275:10)
    at expressInit (D:\SSD Project\AcademyNet\learner-service\node_modules\express\lib\middleware\init.js:40:5)
[2024-09-26T16:46:18.992Z] TypeError: Secret string must be provided.
    at Object.exports.unsign (D:\SSD Project\AcademyNet\learner-service\node_modules\cookie-signature\index.js:38:40)
    at signedCookie (D:\SSD Project\AcademyNet\learner-service\node_modules\cookie-parser\index.js:143:25)
    at signedCookies (D:\SSD Project\AcademyNet\learner-service\node_modules\cookie-parser\index.js:173:11)
    at cookieParser (D:\SSD Project\AcademyNet\learner-service\node_modules\cookie-parser\index.js:64:27)
    at Layer.handle [as handle_request] (D:\SSD Project\AcademyNet\learner-service\node_modules\express\lib\router\layer.js:95:5)
    at trim_prefix (D:\SSD Project\AcademyNet\learner-service\node_modules\express\lib\router\index.js:317:13)
    at D:\SSD Project\AcademyNet\learner-service\node_modules\express\lib\router\index.js:284:7
    at Function.process_params (D:\SSD Project\AcademyNet\learner-service\node_modules\express\lib\router\index.js:335:12)
    at next (D:\SSD Project\AcademyNet\learner-service\node_modules\express\lib\router\index.js:275:10)
    at jsonParser (D:\SSD Project\AcademyNet\learner-service\node_modules\body-parser\lib\types\json.js:110:7)
    at Layer.handle [as handle_request] (D:\SSD Project\AcademyNet\learner-service\node_modules\express\lib\router\layer.js:95:5)
    at trim_prefix (D:\SSD Project\AcademyNet\learner-service\node_modules\express\lib\router\index.js:317:13)
    at D:\SSD Project\AcademyNet\learner-service\node_modules\express\lib\router\index.js:284:7
    at Function.process_params (D:\SSD Project\AcademyNet\learner-service\node_modules\express\lib\router\index.js:335:12)
    at next (D:\SSD Project\AcademyNet\learner-service\node_modules\express\lib\router\index.js:275:10)
    at urlencodedParser (D:\SSD Project\AcademyNet\learner-service\node_modules\body-parser\lib\types\urlencoded.js:91:7)
    at Layer.handle [as handle_request] (D:\SSD Project\AcademyNet\learner-service\node_modules\express\lib\router\layer.js:95:5)
    at trim_prefix (D:\SSD Project\AcademyNet\learner-service\node_modules\express\lib\router\index.js:317:13)
    at D:\SSD Project\AcademyNet\learner-service\node_modules\express\lib\router\index.js:284:7
    at Function.process_params (D:\SSD Project\AcademyNet\learner-service\node_modules\express\lib\router\index.js:335:12)
    at next (D:\SSD Project\AcademyNet\learner-service\node_modules\express\lib\router\index.js:275:10)
    at expressInit (D:\SSD Project\AcademyNet\learner-service\node_modules\express\lib\middleware\init.js:40:5)
[2024-09-26T16:46:18.995Z] TypeError: Secret string must be provided.
    at Object.exports.unsign (D:\SSD Project\AcademyNet\learner-service\node_modules\cookie-signature\index.js:38:40)
    at signedCookie (D:\SSD Project\AcademyNet\learner-service\node_modules\cookie-parser\index.js:143:25)
    at signedCookies (D:\SSD Project\AcademyNet\learner-service\node_modules\cookie-parser\index.js:173:11)
    at cookieParser (D:\SSD Project\AcademyNet\learner-service\node_modules\cookie-parser\index.js:64:27)
    at Layer.handle [as handle_request] (D:\SSD Project\AcademyNet\learner-service\node_modules\express\lib\router\layer.js:95:5)
    at trim_prefix (D:\SSD Project\AcademyNet\learner-service\node_modules\express\lib\router\index.js:317:13)
    at D:\SSD Project\AcademyNet\learner-service\node_modules\express\lib\router\index.js:284:7
    at Function.process_params (D:\SSD Project\AcademyNet\learner-service\node_modules\express\lib\router\index.js:335:12)
    at next (D:\SSD Project\AcademyNet\learner-service\node_modules\express\lib\router\index.js:275:10)
    at jsonParser (D:\SSD Project\AcademyNet\learner-service\node_modules\body-parser\lib\types\json.js:110:7)
    at Layer.handle [as handle_request] (D:\SSD Project\AcademyNet\learner-service\node_modules\express\lib\router\layer.js:95:5)
    at trim_prefix (D:\SSD Project\AcademyNet\learner-service\node_modules\express\lib\router\index.js:317:13)
    at D:\SSD Project\AcademyNet\learner-service\node_modules\express\lib\router\index.js:284:7
    at Function.process_params (D:\SSD Project\AcademyNet\learner-service\node_modules\express\lib\router\index.js:335:12)
    at next (D:\SSD Project\AcademyNet\learner-service\node_modules\express\lib\router\index.js:275:10)
    at urlencodedParser (D:\SSD Project\AcademyNet\learner-service\node_modules\body-parser\lib\types\urlencoded.js:91:7)
    at Layer.handle [as handle_request] (D:\SSD Project\AcademyNet\learner-service\node_modules\express\lib\router\layer.js:95:5)
    at trim_prefix (D:\SSD Project\AcademyNet\learner-service\node_modules\express\lib\router\index.js:317:13)
    at D:\SSD Project\AcademyNet\learner-service\node_modules\express\lib\router\index.js:284:7
    at Function.process_params (D:\SSD Project\AcademyNet\learner-service\node_modules\express\lib\router\index.js:335:12)
    at next (D:\SSD Project\AcademyNet\learner-service\node_modules\express\lib\router\index.js:275:10)
    at expressInit (D:\SSD Project\AcademyNet\learner-service\node_modules\express\lib\middleware\init.js:40:5)
[2024-09-26T16:46:19.005Z] TypeError: Secret string must be provided.
    at Object.exports.unsign (D:\SSD Project\AcademyNet\learner-service\node_modules\cookie-signature\index.js:38:40)
    at signedCookie (D:\SSD Project\AcademyNet\learner-service\node_modules\cookie-parser\index.js:143:25)
    at signedCookies (D:\SSD Project\AcademyNet\learner-service\node_modules\cookie-parser\index.js:173:11)
    at cookieParser (D:\SSD Project\AcademyNet\learner-service\node_modules\cookie-parser\index.js:64:27)
    at Layer.handle [as handle_request] (D:\SSD Project\AcademyNet\learner-service\node_modules\express\lib\router\layer.js:95:5)
    at trim_prefix (D:\SSD Project\AcademyNet\learner-service\node_modules\express\lib\router\index.js:317:13)
    at D:\SSD Project\AcademyNet\learner-service\node_modules\express\lib\router\index.js:284:7
    at Function.process_params (D:\SSD Project\AcademyNet\learner-service\node_modules\express\lib\router\index.js:335:12)
    at next (D:\SSD Project\AcademyNet\learner-service\node_modules\express\lib\router\index.js:275:10)
    at jsonParser (D:\SSD Project\AcademyNet\learner-service\node_modules\body-parser\lib\types\json.js:110:7)
    at Layer.handle [as handle_request] (D:\SSD Project\AcademyNet\learner-service\node_modules\express\lib\router\layer.js:95:5)
    at trim_prefix (D:\SSD Project\AcademyNet\learner-service\node_modules\express\lib\router\index.js:317:13)
    at D:\SSD Project\AcademyNet\learner-service\node_modules\express\lib\router\index.js:284:7
    at Function.process_params (D:\SSD Project\AcademyNet\learner-service\node_modules\express\lib\router\index.js:335:12)
    at next (D:\SSD Project\AcademyNet\learner-service\node_modules\express\lib\router\index.js:275:10)
    at urlencodedParser (D:\SSD Project\AcademyNet\learner-service\node_modules\body-parser\lib\types\urlencoded.js:91:7)
    at Layer.handle [as handle_request] (D:\SSD Project\AcademyNet\learner-service\node_modules\express\lib\router\layer.js:95:5)
    at trim_prefix (D:\SSD Project\AcademyNet\learner-service\node_modules\express\lib\router\index.js:317:13)
    at D:\SSD Project\AcademyNet\learner-service\node_modules\express\lib\router\index.js:284:7
    at Function.process_params (D:\SSD Project\AcademyNet\learner-service\node_modules\express\lib\router\index.js:335:12)
    at next (D:\SSD Project\AcademyNet\learner-service\node_modules\express\lib\router\index.js:275:10)
    at expressInit (D:\SSD Project\AcademyNet\learner-service\node_modules\express\lib\middleware\init.js:40:5)
